[debug] [2018-07-16T18:15:02.772Z] ----------------------------------------------------------------------
[debug] [2018-07-16T18:15:02.774Z] Command:       /Users/ext.rwilinski/.nvm/versions/node/v8.11.1/bin/node /Users/ext.rwilinski/.nvm/versions/node/v8.11.1/bin/firebase deploy --only functions
[debug] [2018-07-16T18:15:02.774Z] CLI Version:   3.18.6
[debug] [2018-07-16T18:15:02.774Z] Platform:      darwin
[debug] [2018-07-16T18:15:02.774Z] Node Version:  v8.11.1
[debug] [2018-07-16T18:15:02.774Z] Time:          Mon Jul 16 2018 20:15:02 GMT+0200 (CEST)
[debug] [2018-07-16T18:15:02.774Z] ----------------------------------------------------------------------
[debug] 
[debug] [2018-07-16T18:15:02.803Z] > command requires scopes: ["email","openid","https://www.googleapis.com/auth/cloudplatformprojects.readonly","https://www.googleapis.com/auth/firebase","https://www.googleapis.com/auth/cloud-platform"]
[debug] [2018-07-16T18:15:02.803Z] > authorizing via signed-in user
[debug] [2018-07-16T18:15:02.804Z] > refreshing access token with scopes: ["email","https://www.googleapis.com/auth/cloud-platform","https://www.googleapis.com/auth/cloudplatformprojects.readonly","https://www.googleapis.com/auth/firebase","openid"]
[debug] [2018-07-16T18:15:02.805Z] >>> HTTP REQUEST POST https://www.googleapis.com/oauth2/v3/token  
 { refresh_token: '1/EEkbqf1MYFyZegXMppgcoh3B4ZQWJE6A4U_rgw3aPL8',
  client_id: '563584335869-fgrhgmd47bqnekij5i8b5pr03ho849e6.apps.googleusercontent.com',
  client_secret: 'j9iVZfS8kkCEFUPaAeJV0sAi',
  grant_type: 'refresh_token',
  scope: 'email https://www.googleapis.com/auth/cloud-platform https://www.googleapis.com/auth/cloudplatformprojects.readonly https://www.googleapis.com/auth/firebase openid' } 
 Mon Jul 16 2018 20:15:02 GMT+0200 (CEST)
[debug] [2018-07-16T18:15:02.978Z] <<< HTTP RESPONSE 200
[debug] [2018-07-16T18:15:02.991Z] >>> HTTP REQUEST GET https://admin.firebase.com/v1/projects/wildspots-d2aad  
  
 Mon Jul 16 2018 20:15:02 GMT+0200 (CEST)
[debug] [2018-07-16T18:15:03.695Z] <<< HTTP RESPONSE 200
[debug] [2018-07-16T18:15:03.696Z] >>> HTTP REQUEST GET https://admin.firebase.com/v1/database/wildspots-d2aad/tokens  
  
 Mon Jul 16 2018 20:15:03 GMT+0200 (CEST)
[debug] [2018-07-16T18:15:04.405Z] <<< HTTP RESPONSE 200
[info] 
[info] === Deploying to 'wildspots-d2aad'...
[info] 
[info] i  deploying functions
[info] Running command: npm --prefix "$RESOURCE_DIR" run lint
[info] ✔  functions: Finished running predeploy script.
[debug] [2018-07-16T18:15:08.460Z] > [functions] package.json contents: {
  "name": "wildspot-functions",
  "description": "Cloud Functions for Wildspot.co",
  "scripts": {
    "lint": "eslint .",
    "serve": "firebase serve --only functions",
    "shell": "firebase functions:shell",
    "start": "npm run shell",
    "deploy": "firebase deploy --only functions",
    "logs": "firebase functions:log"
  },
  "dependencies": {
    "@google-cloud/storage": "^1.7.0",
    "@sendgrid/mail": "^6.3.1",
    "child-process-promise": "^2.2.1",
    "cors": "^2.8.4",
    "firebase-admin": "~5.12.1",
    "firebase-functions": "^1.0.3",
    "node-fetch": "^2.1.2"
  },
  "devDependencies": {
    "eslint": "^4.12.0",
    "eslint-plugin-promise": "^3.6.0"
  },
  "private": true
}
[info] i  functions: ensuring necessary APIs are enabled...
[debug] [2018-07-16T18:15:08.461Z] >>> HTTP REQUEST GET https://servicemanagement.googleapis.com/v1/services/cloudfunctions.googleapis.com/projectSettings/wildspots-d2aad?view=CONSUMER_VIEW  
  
 Mon Jul 16 2018 20:15:08 GMT+0200 (CEST)
[debug] [2018-07-16T18:15:08.461Z] >>> HTTP REQUEST GET https://servicemanagement.googleapis.com/v1/services/runtimeconfig.googleapis.com/projectSettings/wildspots-d2aad?view=CONSUMER_VIEW  
  
 Mon Jul 16 2018 20:15:08 GMT+0200 (CEST)
[debug] [2018-07-16T18:15:09.825Z] <<< HTTP RESPONSE 200
[debug] [2018-07-16T18:15:09.873Z] <<< HTTP RESPONSE 200
[info] ✔  functions: all necessary APIs are enabled
[debug] [2018-07-16T18:15:09.873Z] >>> HTTP REQUEST GET https://cloudresourcemanager.googleapis.com/v1/projects/wildspots-d2aad  
  
 Mon Jul 16 2018 20:15:09 GMT+0200 (CEST)
[debug] [2018-07-16T18:15:10.838Z] <<< HTTP RESPONSE 200
[debug] [2018-07-16T18:15:10.839Z] >>> HTTP REQUEST GET https://mobilesdk-pa.googleapis.com/v1/projects/1017418561555:getServerAppConfig  
  
 Mon Jul 16 2018 20:15:10 GMT+0200 (CEST)
[debug] [2018-07-16T18:15:11.368Z] <<< HTTP RESPONSE 200
[info] i  functions: preparing functions directory for uploading...
[debug] [2018-07-16T18:15:11.370Z] >>> HTTP REQUEST GET https://runtimeconfig.googleapis.com/v1beta1/projects/wildspots-d2aad/configs  
  
 Mon Jul 16 2018 20:15:11 GMT+0200 (CEST)
[debug] [2018-07-16T18:15:11.882Z] <<< HTTP RESPONSE 200
[debug] [2018-07-16T18:15:11.883Z] >>> HTTP REQUEST GET https://runtimeconfig.googleapis.com/v1beta1/projects/wildspots-d2aad/configs/sendgrid/variables  
  
 Mon Jul 16 2018 20:15:11 GMT+0200 (CEST)
[debug] [2018-07-16T18:15:11.884Z] >>> HTTP REQUEST GET https://runtimeconfig.googleapis.com/v1beta1/projects/wildspots-d2aad/configs/openweathermap/variables  
  
 Mon Jul 16 2018 20:15:11 GMT+0200 (CEST)
[debug] [2018-07-16T18:15:12.149Z] <<< HTTP RESPONSE 200
[debug] [2018-07-16T18:15:12.150Z] >>> HTTP REQUEST GET https://runtimeconfig.googleapis.com/v1beta1/projects/wildspots-d2aad/configs/openweathermap/variables/apikey  
  
 Mon Jul 16 2018 20:15:12 GMT+0200 (CEST)
[debug] [2018-07-16T18:15:12.156Z] <<< HTTP RESPONSE 200
[debug] [2018-07-16T18:15:12.156Z] >>> HTTP REQUEST GET https://runtimeconfig.googleapis.com/v1beta1/projects/wildspots-d2aad/configs/sendgrid/variables/apikey  
  
 Mon Jul 16 2018 20:15:12 GMT+0200 (CEST)
[debug] [2018-07-16T18:15:12.412Z] <<< HTTP RESPONSE 200
[debug] [2018-07-16T18:15:12.433Z] <<< HTTP RESPONSE 200
[info] i  functions: packaged functions (51.7 KB) for uploading
[debug] [2018-07-16T18:15:13.005Z] >>> HTTP REQUEST POST https://cloudfunctions.googleapis.com/v1/projects/wildspots-d2aad/locations/us-central1/functions:generateUploadUrl  
  
 Mon Jul 16 2018 20:15:13 GMT+0200 (CEST)
[debug] [2018-07-16T18:15:13.632Z] <<< HTTP RESPONSE 200
[debug] [2018-07-16T18:15:13.633Z] >>> HTTP REQUEST PUT https://storage.googleapis.com/gcf-upload-us-central1-390d3b53-d45f-41b0-8bc8-c14bb7e47c35/fbf56ecc-6ba2-4af8-87ec-9d0c09dd1d62.zip?GoogleAccessId=service-1017418561555@gcf-admin-robot.iam.gserviceaccount.com&Expires=1531766713&Signature=Az6RsYtdzgY%2FyULA92aYiplcPBhAxoNjKjCvxCbnR9VCSUEMykHlXQ9e8w0x3n8f9LBm%2FavJVARbKMTHZ9H4bnOwKGlkflzfLiCp9ksOdHP8hsjKxdZreCBbnA7SxQN0ACUds2OZVWFDHbjGGaVxkQd4L6BqLhCRo4rrH1v1I5GZnAKtgbNVcUSk7NaOENsawV9WORwY5E9qXC79BKn9iM0ZsrZsgK9AAeHLblMz1oMWZHBkHU9H7lNon90Ia5kFNUX9o7OpeC%2FpobroEQIE0e7z7QWiFb5ECiPRQwF7GOEgf%2BEMIGzUTDOmAtpFgZ%2F5SLbdr53kpTzYfjK91Elunw%3D%3D  
 ReadStream {
  _readableState: 
   ReadableState {
     objectMode: false,
     highWaterMark: 65536,
     buffer: BufferList { head: [Object], tail: [Object], length: 1 },
     length: 52941,
     pipes: null,
     pipesCount: 0,
     flowing: null,
     ended: true,
     endEmitted: false,
     reading: false,
     sync: false,
     needReadable: false,
     emittedReadable: true,
     readableListening: false,
     resumeScheduled: false,
     destroyed: false,
     defaultEncoding: 'utf8',
     awaitDrain: 0,
     readingMore: false,
     decoder: null,
     encoding: null },
  readable: true,
  domain: null,
  _events: { end: [Function] },
  _eventsCount: 1,
  _maxListeners: undefined,
  path: '/var/folders/j_/q9yxjwlx441_2r7711hszxth5_x7vp/T/firebase-functions-3440444C2SnHeRj2S.zip',
  fd: 19,
  flags: 'r',
  mode: 438,
  start: 0,
  end: Infinity,
  autoClose: true,
  pos: 131072,
  bytesRead: 52941 } 
 Mon Jul 16 2018 20:15:13 GMT+0200 (CEST)
